10:38:53.995 [main] INFO  testCases.Tc_001_HomePageAndAccRgistrationTest - *** Starting Tc_001_HomePageAndAccRgistrationTest ***
10:38:54.183 [main] INFO  testCases.Tc_001_HomePageAndAccRgistrationTest - Checked Logo presence
10:38:54.308 [main] INFO  testCases.Tc_001_HomePageAndAccRgistrationTest - Clicked On MyAccount Link
10:38:54.939 [main] INFO  testCases.Tc_001_HomePageAndAccRgistrationTest - Clicked On Registration Link
10:38:55.012 [main] INFO  testCases.Tc_001_HomePageAndAccRgistrationTest - Successfully Opened Registration Page
10:38:55.012 [main] INFO  testCases.Tc_001_HomePageAndAccRgistrationTest - Entering Customer Details
10:38:57.297 [main] INFO  testCases.Tc_001_HomePageAndAccRgistrationTest - Clicked On the Continue Button
10:38:57.298 [main] INFO  testCases.Tc_001_HomePageAndAccRgistrationTest - Validating Expected Message
10:38:57.339 [main] INFO  testCases.Tc_001_HomePageAndAccRgistrationTest - Test Passed
10:38:57.339 [main] INFO  testCases.Tc_001_HomePageAndAccRgistrationTest - *** Ended Tc_001_HomePageAndAccRgistrationTest ***
10:39:03.104 [main] INFO  testCases.TC_002_LogInTest - ***Starting LogInTest***
10:39:03.248 [main] INFO  testCases.TC_002_LogInTest - Clicked on MyAccount Link
10:39:03.631 [main] INFO  testCases.TC_002_LogInTest - Clicked on LogIn Link On HOmePage
10:39:03.774 [main] INFO  testCases.TC_002_LogInTest - Entering Email Address
10:39:03.865 [main] INFO  testCases.TC_002_LogInTest - Entering Password
10:39:05.041 [main] INFO  testCases.TC_002_LogInTest - Clicked on LogIn Button
10:39:05.041 [main] INFO  testCases.TC_002_LogInTest - verifying msg
10:39:05.081 [main] INFO  testCases.TC_002_LogInTest - Login Test Passed
10:39:05.761 [main] INFO  testCases.TC_002_LogInTest - clicked on LogOut link
10:39:05.761 [main] INFO  testCases.TC_002_LogInTest - Ended TC_002_LogInTest
10:53:02.721 [main] INFO  testCases.Tc_001_HomePageAndAccRgistrationTest - *** Starting Tc_001_HomePageAndAccRgistrationTest ***
10:53:02.827 [main] INFO  testCases.Tc_001_HomePageAndAccRgistrationTest - Checked Logo presence
10:53:02.907 [main] INFO  testCases.Tc_001_HomePageAndAccRgistrationTest - Clicked On MyAccount Link
10:53:03.536 [main] INFO  testCases.Tc_001_HomePageAndAccRgistrationTest - Clicked On Registration Link
10:53:03.587 [main] INFO  testCases.Tc_001_HomePageAndAccRgistrationTest - Successfully Opened Registration Page
10:53:03.596 [main] INFO  testCases.Tc_001_HomePageAndAccRgistrationTest - Entering Customer Details
10:53:05.772 [main] INFO  testCases.Tc_001_HomePageAndAccRgistrationTest - Clicked On the Continue Button
10:53:05.773 [main] INFO  testCases.Tc_001_HomePageAndAccRgistrationTest - Validating Expected Message
10:53:05.811 [main] INFO  testCases.Tc_001_HomePageAndAccRgistrationTest - Test Passed
10:53:05.811 [main] INFO  testCases.Tc_001_HomePageAndAccRgistrationTest - *** Ended Tc_001_HomePageAndAccRgistrationTest ***
10:53:10.783 [main] INFO  testCases.TC_002_LogInTest - ***Starting LogInTest***
10:53:10.891 [main] INFO  testCases.TC_002_LogInTest - Clicked on MyAccount Link
10:53:11.290 [main] INFO  testCases.TC_002_LogInTest - Clicked on LogIn Link On HOmePage
10:53:11.454 [main] INFO  testCases.TC_002_LogInTest - Entering Email Address
10:53:11.536 [main] INFO  testCases.TC_002_LogInTest - Entering Password
10:53:12.244 [main] INFO  testCases.TC_002_LogInTest - Clicked on LogIn Button
10:53:12.246 [main] INFO  testCases.TC_002_LogInTest - verifying msg
10:53:12.283 [main] INFO  testCases.TC_002_LogInTest - Login Test Passed
10:53:12.889 [main] INFO  testCases.TC_002_LogInTest - clicked on LogOut link
10:53:12.889 [main] INFO  testCases.TC_002_LogInTest - Ended TC_002_LogInTest
